<?xml version="1.0" encoding="UTF-8"?>
<testsuite xmlns:xsi="http://www.w3.org/2001/XMLSchema-instance" xsi:noNamespaceSchemaLocation="https://maven.apache.org/surefire/maven-surefire-plugin/xsd/surefire-test-report-3.0.xsd" version="3.0" name="BigClass1_Test" time="0.047" tests="4" errors="0" skipped="0" failures="0">
  <properties>
[...]
</properties>
  <testcase name="ToUpperCase_Test" classname="BigClass1_Test" time="0.016"/>
  <testcase name="TestBigClass_setNumber" classname="BigClass1_Test" time="0"/>
  <testcase name="TestBigClass_setText" classname="BigClass1_Test" time="0"/>
  <testcase name="TestBigClass" classname="BigClass1_Test" time="0"/>
</testsuite>